307	0.0056371842689401375
569	7.712975432227697E-4
863	0.008843992579808257
914	7.609032844689962E-4
2154	0.005833927267732886
3356	0.010441891843265438
4396	8.248344318660414E-4
5211	0.005533821830823045
5399	0.004813922415854719
5945	0.0026060184806264083
6310	0.0036019165434153858
6357	0.0010343547325717523
6611	0.002155736240070612
6882	0.0021924949712591037
6886	0.014715804880925156
7701	5.018861035985642E-4
7930	0.003099808628759146
8522	0.0018257555632270502
9457	0.0015476235475123
10819	0.0011938537104597882
11955	0.006977728590613297
12102	0.003010630736203379
12655	0.0015929256267181603
13270	0.0032851514304840746
13887	0.0022498467585948412
14533	0.009567472858395045
14579	0.006288356884370256
14849	0.016605415275413773
14975	0.0011590746597232905
15043	0.0020750796518368532
15992	0.004117843991912756
16134	0.0018563118197264079
16263	5.018861035985642E-4
16275	0.00568403485463704
17541	0.0027839967234751413
17633	0.003353247884032441
18110	0.005195144218874702
19331	0.002420017786167937
19831	0.0019283126056853744
21133	0.0037982935632387346
21211	0.005011354406099112
21217	0.00441777605102814
22462	0.0032699338762815474
22800	9.56629544025043E-4
22873	0.002089183804604821
23235	0.007693170119851331
23338	0.0025933609914260353
24093	0.0021287781907177623
24113	0.026641117377748866
24150	0.0021686340314171345
24467	0.0023358281163775086
24898	0.0030904870501022464
24899	0.0016932066034297023
25391	0.005121755919137072
25433	0.008276598852416953
31389	7.413306585133915E-4
31756	0.00936119312375139
31769	0.008699687825502844
31956	0.00395497528617103
32005	0.002119703443300402
32070	0.01331286529650969
32212	0.0017341784026425502
32293	0.003801892293478326
32759	0.004298354455544334
33057	0.009459262545041392
38076	7.602447662125459E-4
38188	7.60244766212546E-4
41963	7.661916407995686E-4
42317	0.004032787825989648
43715	0.006629670824409898
44004	0.0011792935914163864
44635	0.002298093948438628
44953	0.0019754873644338674
47125	5.018861035985642E-4
48569	0.00390636730291259
49001	0.0010719246982911737
51153	0.0021910098209585115
52625	0.002466368823400433
53029	0.0028601757264990106
56120	0.0019208566424363395
56285	0.0010862687928444754
56472	0.0036871783178185633
57706	0.002951598526715243
58838	5.018861035985642E-4
72809	0.0027811936754593277
76762	0.00106970734011281
82545	0.001984266656700216
83392	0.0015094848877930931
85533	0.001752104536830506
101146	0.001314476291188752
103191	7.513736009928116E-4
114932	0.0010134178078118532
140387	8.130969536839421E-4
141010	6.49519625092268E-4
145422	0.005307212387967776
151210	0.001418804484923388
153041	0.003610869512094798
156992	0.003565454029324497
158984	0.003607471417230469
163955	0.002423265551573757
168212	0.0031979372313130396
182688	0.0011620571551070017
186833	0.0023716859255260457
188359	0.001682853762529749
195322	0.0015451070670322936
206805	9.597469797277218E-4
211383	0.0026723039161136407
217513	0.002733305267008609
230331	0.00289939813404453
232595	0.001835156288715992
238487	9.102363231189964E-4
239646	0.00240793975863313
243749	7.889512842807662E-4
245107	0.002710706716013731
253375	8.771213040617282E-4
261703	8.709699073328239E-4
278651	0.0027135544588839404
302553	8.089916836868821E-4
308650	5.497303003789312E-4
318094	0.004809349765338702
320247	9.64160032490248E-4
321645	7.915143662511429E-4
334962	7.367576150658203E-4
339186	7.436833134808804E-4
343508	0.0015413603072065064
346703	7.882863202106946E-4
356024	7.367576150658203E-4
361870	6.633602677323028E-4
364022	7.74598025246656E-4
411889	9.8149052631122E-4
412662	0.0015486971403376275
430699	0.0010132923422608558
432006	0.003136261596049926
453893	0.002005938788502313
469644	0.002061790742249734
483086	0.001532445550474191
512541	0.0012176094257048652
525038	5.018861035985642E-4
530869	5.018861035985642E-4
534133	5.018861035985642E-4
534366	0.043060940005018464
552856	5.018861035985642E-4
557007	0.003287673489689901
590464	5.619149205870153E-4
606268	0.0016298834018086284
609874	6.18302723935305E-4
614618	0.0015000900273344027
635422	9.201833437278496E-4
636208	0.0010831930944800233
645042	0.012031683321569477
649827	8.065842806371667E-4
695888	5.018861035985642E-4
706057	6.095355463543899E-4
721437	5.018861035985642E-4
741932	5.757028643454161E-4
757584	0.0010772959079049065
759519	7.915670651327768E-4
845943	0.002874969478322424
861667	0.0021391844871966707
889464	5.018861035985642E-4
893026	0.001414238255813086
893798	5.018861035985642E-4
905254	5.018861035985642E-4
912958	9.696334862395639E-4
925473	6.477006111151993E-4
925990	0.0010343623132995795
953415	6.902037988542797E-4
984217	8.728626447878713E-4
1038390	5.018861035985642E-4
1053718	0.0028688354177598624
1071840	6.769958638147074E-4
1190375	5.018861035985642E-4
1213941	0.0023402016558461804
1263005	0.0017321654493794296
1263244	0.002617248915389948
1274750	0.002248541030344676
1309539	0.0029207382387615123
1327124	0.002310396741896437
1367038	0.0013111566203158893
1379146	9.212995169329501E-4
1422397	0.0018797989708731336
1434885	8.248344318660414E-4
1437235	5.018861035985642E-4
1461855	6.095355463543899E-4
1481886	0.0011949306128049013
1486197	0.00136308164564517
1559612	0.003171592283943042
1605031	5.018861035985642E-4
1838387	0.0016577310429988824
1892224	5.018861035985642E-4
1915219	5.018861035985642E-4
1926304	9.926308648600427E-4
1972496	0.0012769620914405094
2060634	6.209337226461832E-4
2070770	0.0018635060822398194
2093225	0.0026303220706810956
2095829	0.0010870753393644552
2153329	8.569769170167929E-4
2204744	0.0045503071940328115
2241181	0.001100538145358839
2546031	0.001282181458362004
2775921	5.717127691699105E-4
2803134	9.32372031044978E-4
2863933	0.0015709791179803324
2887667	0.0016860299739126473
3062771	8.709699073328239E-4
3089009	8.5563977554774E-4
3132979	0.0011965296776078548
3162905	0.0020209143811062325
3164049	5.018861035985642E-4
3180351	0.0014118285631195063
3217930	5.018861035985642E-4
3223944	0.0028071038362714427
3301347	0.0033349938762512145
3315198	5.018861035985642E-4
3414021	0.021589496398085998
3418303	0.002412154611774198
3573208	0.001037178234635376
3661571	0.0010068598532531649
3916604	5.018861035985642E-4
3919687	9.119663632753021E-4
4107506	6.633602677323028E-4
4142989	9.88405663066452E-4
4194277	5.018861035985642E-4
4257833	5.506330210729004E-4
4346768	9.324838746218671E-4
4600783	5.018861035985642E-4
4859974	0.0025709351819544896
5043192	0.004059376486886773
5043324	0.006141186385451988
5043544	0.01647426247172583
5058628	0.003922347244199565
5333249	0.0016817239962024142
5397026	0.002392907236640974
5517965	0.0014348479408157206
5517979	8.709699073328239E-4
5722410	0.00136308164564517
5923845	8.725746195229728E-4
6464503	0.0010186034288265278
6598271	6.741252120078853E-4
6696324	5.018861035985642E-4
6748919	7.234436776425311E-4
7203292	5.018861035985642E-4
7385288	9.03777356553647E-4
7461670	5.018861035985642E-4
7479001	6.095355463543899E-4
8007034	5.018861035985642E-4
8012494	5.018861035985642E-4
8236687	5.018861035985642E-4
8729320	0.0029390011387379154
8948490	5.018861035985642E-4
9034086	0.001458770039205904
9046904	0.00463262845369124
9172097	0.003135814922964007
9221211	0.0013358590652311005
9324604	5.018861035985642E-4
9331926	0.0016988980826461652
9379460	5.018861035985642E-4
9478182	0.0014879994966268508
9946136	0.0028885037637724547
10110474	0.004529656249489811
10141742	5.736523987691146E-4
11045469	6.31065434905555E-4
11667958	0.0012964286588318227
12344509	7.568648021762404E-4
12670114	0.00136308164564517
13085761	0.001687296437945069
13152875	0.0012433671445708171
13190675	0.0016160059100883391
13709393	6.741252120078853E-4
13992209	0.001092306241891043
14640471	0.0024441634555711126
14939434	0.002342178958329109
14985673	0.0011719284295366944
15522755	7.439518775792318E-4
15560939	5.018861035985642E-4
15721548	0.0010838516127364734
16136849	0.0028062542324347782
16384865	0.0011568959075445385
16682347	0.001174837481337176
16810005	5.018861035985642E-4
16859002	0.002277477446746261
17207794	0.001793679416668473
17230385	0.001267488897437588
17286678	0.0010326173859703316
17349325	0.0040180057171033436
17621363	5.018861035985642E-4
17649625	0.0018239237839189194
17775180	0.0013996233114868953
17905608	0.00124952963586897
17969809	5.717127691699105E-4
17986784	0.0014534595684699014
18134605	5.2603177300174E-4
18185478	8.248344318660414E-4
18186077	6.741252120078853E-4
18337522	0.0023803324874848253
18408462	5.73875969782107E-4
18415255	5.018861035985642E-4
18426501	0.006006558135039474
18426568	0.0047362170805506
18705919	5.018861035985642E-4
18845119	5.018861035985642E-4
18935732	0.013972369728793385
18998720	0.001791728251464176
18998750	0.006216777810820581
19467044	0.0012826492318125154
19468510	0.011103689434394338
19605492	6.741252120078853E-4
19666611	0.004455304529836422
19818299	7.889512842807662E-4
19908980	0.0017205695725443584
19944779	0.0017164986416384842
20082093	0.002247105704441265
20646803	0.0024002461738775425
20767983	0.0013145238900440798
20768200	0.0019224041810111151
20821646	0.0011722822884848445
20948898	8.427775512764644E-4
21076367	0.0027817324392959636
21158533	0.0011964694913117989
21214078	9.476436801759572E-4
21216874	6.510587075136138E-4
21248534	6.667435359332002E-4
22128381	5.018861035985642E-4
22163063	5.018861035985642E-4
22400042	5.717127691699105E-4
22502182	5.018861035985642E-4
22745786	9.001298970998642E-4
22921595	5.018861035985642E-4
23021155	0.002471913672693073
23114690	5.018861035985642E-4
23237354	0.0010186034288265278
23518353	5.018861035985642E-4
23529809	7.741381077342146E-4
23621094	0.0011293285699468057
23626221	5.377692511838394E-4
24319307	5.018861035985642E-4
24629811	5.377692511838394E-4
24909346	0.015951431894140042
25037165	8.951155767359997E-4
25226624	0.0019225403934809405
25692176	6.411127162294321E-4
26230922	0.0024222481747236757
26605056	0.0011256835859858349
26709878	0.0016919763240839214
27190729	7.889512842807662E-4
27337059	5.018861035985642E-4
27608523	0.002940000509798077
28242945	0.001407419849201437
28288074	5.018861035985642E-4
29313809	0.0024309508226795493
29519542	6.052295686441568E-4
29697232	0.0024366234328335214
30095259	8.746109209729852E-4
30106389	6.613625010376352E-4
30238542	5.992832184728827E-4
31214851	0.0015905651513649056
31279643	8.248344318660414E-4
31651710	0.0021633647203650828
31677330	5.909752976033855E-4
32497339	5.018861035985642E-4
32614682	8.961769942107911E-4
