307 0.005529105456690025
569 0.0011067940402231362
863 0.00844358041325249
914 0.0010973473243944304
2154 0.005707913320233711
3356 0.009895814826726005
4396 0.0011554504942663307
5211 0.007783231859616757
5399 0.004780892336068195
5945 0.0027742614115098684
6310 0.0036793731868070326
6357 0.0013458708780568801
6611 0.0023650269995130254
6882 0.0023984347966428984
6886 0.013780117007361491
7701 0.0032100085053160545
7930 0.0032230375406139323
8522 0.0020651274340944296
9457 0.004160416292740416
10819 0.0014908298938722496
11955 0.006747445461746571
12102 0.0031419891244513698
12655 0.0018535223260518203
13270 0.0033914844515738805
13887 0.004798624680713223
14533 0.00910110806975816
14579 0.0061209170325919856
14849 0.01549747010069508
14975 0.0014592213090868693
15043 0.0022917230836873165
15992 0.0064963348734248085
16134 0.002092898175498542
16263 8.619422069735129E-4
16275 0.0055716851326410785
17541 0.002936015118408303
17633 0.0034533732173678373
18110 0.005127361875276964
19331 0.002605216581463357
19831 0.0021583353538977136
21133 0.0038578484341050493
21211 0.004960326382450529
21217 0.0044208587614053664
22462 0.0033776541329754504
22800 0.001275231134874926
22873 0.0023045414987720165
23235 0.009745733481413188
23338 0.002762757781822237
24093 0.002340526451896762
24113 0.024618315381546595
24150 0.0023767490253500585
24467 0.0025287016605764767
24898 0.0032145657191274117
24899 0.001944661666764796
25391 0.005060663669161827
25433 0.007927910423441053
31389 0.0010795589433463808
31756 0.015957831736338926
31769 0.010660496810582652
31956 0.006348313314891583
32005 0.0023322789604594374
32070 0.012505069705503243
32212 0.001981898467706859
32293 0.0038611191033006993
32759 0.004312323664957375
33057 0.009002762232483707
38076 0.001096748836807767
38188 0.001096748836807767
41963 0.0011021535929932103
42317 0.004070966148041652
43715 0.006431116718429119
44004 0.0014775970784985503
44635 0.0024944073477259467
44953 0.002201209651213333
47125 8.619422069735129E-4
48569 0.003956070147786536
49001 0.001380015957398564
51153 0.0023970850329719184
52625 0.0026473422478984158
53029 0.0030052496266813776
56120 0.002151559077906187
56285 0.001393052441122421
56472 0.0037568624790132363
57706 0.003088338304225964
58838 8.619422069735129E-4
72809 0.0029334675968690684
76762 0.0013780007340817638
82545 0.0022091886212565054
83392 0.0017776880633271041
85533 0.0019981904515406646
101146 0.0016004564934850372
103191 0.0010886863689699422
114932 0.0013268425679850379
140387 0.0011447830071892292
141010 9.961174240216582E-4
145422 0.005229213885309067
151210 0.0016952741060228694
153041 0.003687510000883073
156992 0.003646234603558683
158984 0.003684421677097536
163955 0.0026081682798570448
168212 0.003312220718073133
182688 0.0014619319195322863
186833 0.0025612906639186548
188359 0.0019352525931292028
195322 0.0018100629168345543
206805 0.0012780643844500126
211383 0.00283450425204937
217513 0.002889944706315791
230331 0.0030408965108871117
232595 0.002073671187370291
238487 0.0012330671302393202
239646 0.0025942395895878004
243749 0.0011228384623449064
245107 0.005217472542566303
253375 0.0012029708836375488
261703 0.001197380249593876
278651 0.002871994386224587
302553 0.0011410519745123433
308650 9.054249162020786E-4
318094 0.00477673652938375
320247 0.0012820751423474465
321645 0.0011251678931964366
334962 0.0010754027795501077
339186 0.0010816971297671098
343508 0.001806657712462499
346703 0.001122234116546416
356024 0.0010754027795501077
361870 0.0010086963506199217
364022 0.0011097936495763367
411889 0.0012978257845217553
412662 0.0018133257182639877
430699 0.0013267285399013967
432006 0.003256167447350579
453893 0.0022288851167341023
469644 0.002279645594034935
483086 0.0017985556269240136
512541 0.0015124200328657034
525038 8.619422069735129E-4
530869 8.619422069735129E-4
534133 8.619422069735129E-4
534366 0.04423743594610933
552856 8.619422069735129E-4
557007 0.005741842897647685
590464 9.164987837392599E-4
606268 0.0018871110221975768
609874 9.677462624729264E-4
614618 0.0017691496404240404
635422 0.0012421073782512336
636208 0.0013902571241005848
645042 0.01838487945756034
649827 0.0011388640308566628
695888 8.619422069735129E-4
706057 9.597783027377855E-4
721437 8.619422069735129E-4
741932 9.290298154975855E-4
757584 0.0013848975263569014
759519 0.0011252157880363748
845943 0.0030186947768192306
861667 0.0023499841080889187
889464 8.619422069735129E-4
893026 0.001691124135367374
893798 8.619422069735129E-4
905254 8.619422069735129E-4
912958 0.0012870496348433718
925473 9.94464231760731E-4
925990 0.001345877767723883
953415 0.0010330928195125472
984217 0.0011991004446842367
1038390 8.619422069735129E-4
1053718 0.0030131198985731467
1071840 0.001021088922750063
1190375 8.619422069735129E-4
1213941 0.002532676507220656
1263005 0.0019800690157080565
1263244 0.0027844680773584994
1274750 0.0024493716845963606
1309539 0.0030602912469420494
1327124 0.002505588615813292
1367038 0.0015974394445425737
1379146 0.0012431218008602891
1422397 0.002114244232756202
1434885 0.0011554504942663307
1437235 8.619422069735129E-4
1461855 9.597783027377855E-4
1481886 0.0014918086255615928
1486197 0.0016446309730876935
1559612 0.0032882773819274728
1605031 8.619422069735129E-4
1838387 0.0019124200662627522
1892224 8.619422069735129E-4
1915219 8.619422069735129E-4
1926304 0.0013079505673465142
1972496 0.0015663620964762753
2060634 9.701374187598849E-4
2070770 0.0020994366074513385
2093225 0.0027963494809242107
2095829 0.0013937854626833975
2153329 0.0011846628633674279
2204744 0.004541308336125079
2241181 0.0014060209963081274
2546031 0.0015711056647557554
2775921 9.254034582800681E-4
2803134 0.0012531849421389
2863933 0.0018335764659005895
2887667 0.0019381392603805112
3062771 0.001197380249593876
3089009 0.0011834476160101947
3132979 0.0014932619192637247
3162905 0.004590561829349267
3164049 8.619422069735129E-4
3180351 0.0016889341107922697
3217930 8.619422069735129E-4
3223944 0.0029570157816955485
3301347 0.0034367832489699815
3315198 8.619422069735129E-4
3414021 0.020027201286770126
3418303 0.0025980702157850696
3573208 0.0013484369890484056
3661571 0.0013208824380131915
3916604 8.619422069735129E-4
3919687 0.0012346394595526477
4107506 0.0010086963506199217
4142989 0.0013041105358821733
4194277 8.619422069735129E-4
4257833 9.062453446780892E-4
4346768 0.001253286590030603
4600783 8.619422069735129E-4
4859974 0.0027423763140980973
5043192 0.004095130980735448
5043324 0.005987162628878976
5043544 0.015378273215575368
5058628 0.003970593354094312
5333249 0.0019342258165499402
5397026 0.0025805774356225534
5517965 0.0017098550369305417
5517979 0.001197380249593876
5722410 0.0016446309730876935
5923845 0.0011988386758661385
6464503 0.0013315554666420211
6598271 0.001018479960196349
6696324 8.619422069735129E-4
6748919 0.001063302543604632
7203292 8.619422069735129E-4
7385288 0.0012271969644934639
7461670 8.619422069735129E-4
7479001 9.597783027377855E-4
8007034 8.619422069735129E-4
8012494 8.619422069735129E-4
8236687 8.619422069735129E-4
8729320 0.003076889296920603
8948490 8.619422069735129E-4
9034086 0.0017315963915448245
9046904 0.004616125171560504
9172097 0.0032557614930818846
9221211 0.0016198900091202101
9324604 8.619422069735129E-4
9331926 0.0019498343094781006
9379460 8.619422069735129E-4
9478182 0.0017581612851677291
9946136 0.003030995273816635
10110474 0.004522539936250364
10141742 9.271662708163613E-4
11045469 9.7934552189064E-4
11667958 0.0015840540872821926
12344509 0.0010936769910399645
12670114 0.0016446309730876935
13085761 0.0019392902732718556
13152875 0.0015358296723875216
13190675 0.001874498605689358
13709393 0.001018479960196349
13992209 0.0013985395149796608
14640471 0.0026271611263076794
14939434 0.002534473558372268
14985673 0.001470903326403471
15522755 0.0010819412115029043
15560939 8.619422069735129E-4
15721548 0.001390855611687248
16136849 0.0029562436279323926
16384865 0.0014572411724382243
16682347 0.0014735471883989364
16810005 8.619422069735129E-4
16859002 0.002475670250883989
17207794 0.0020359753561447836
17230385 0.0015577524809321838
17286678 0.001344291908355589
17349325 0.004057531579468188
17621363 8.619422069735129E-4
17649625 0.002063462640192841
17775180 0.001677841492595781
17905608 0.0015414303896170586
17969809 9.254034582800681E-4
17986784 0.0017267700244947004
18134605 8.838867518178357E-4
18185478 0.0011554504942663307
18186077 0.001018479960196349
18337522 0.004917215301720971
18408462 9.273694610464013E-4
18415255 8.619422069735129E-4
18426501 0.005864807119526164
18426568 0.004710270636302849
18705919 8.619422069735129E-4
18845119 8.619422069735129E-4
18935732 0.017800586164678212
18998720 0.002034202059591707
18998750 0.006055863123205679
19467044 0.0015715307958751425
19468510 0.012845349101536526
19605492 0.001018479960196349
19666611 0.004454966135791897
19818299 0.0011228384623449064
19908980 0.001969530221567895
19944779 0.0019658303976230534
20082093 0.002448067203319504
20646803 0.002587247353718772
20767983 0.0016004997532181942
20768200 0.0021529655425224885
20821646 0.0014712249274917068
20948898 0.001171757914945969
21076367 0.002933957246875293
21158533 0.0014932072195637178
21214078 0.0012670644243601493
21216874 0.0033455825016918865
21248534 0.0010117711993439418
22128381 8.619422069735129E-4
22163063 0.0032100085053160545
22400042 9.254034582800681E-4
22502182 8.619422069735129E-4
22745786 0.0012238820082495563
22921595 8.619422069735129E-4
23021155 0.002652381627504158
23114690 8.619422069735129E-4
23237354 0.0013315554666420211
23518353 8.619422069735129E-4
23529809 0.0011093756582459687
23621094 0.0014321868794281302
23626221 8.945542388949371E-4
24319307 8.619422069735129E-4
24629811 8.945542388949371E-4
24909346 0.014903103988984975
25037165 0.0012193247944381987
25226624 0.002153089337833462
25692176 9.884768908286388E-4
26230922 0.004955309945647993
26605056 0.0014288741730105628
26709878 0.001943543539956061
27190729 0.0011228384623449064
27337059 8.619422069735129E-4
27608523 0.0030777975650940646
28242945 0.0016849272962092732
28288074 0.0032100085053160545
29313809 0.0026151529599504303
29519542 9.558648589072145E-4
29697232 0.004968374752051692
30095259 0.0012006893476259565
30106389 0.0010068807007786356
30238542 9.504605793316642E-4
31214851 0.0018513770321534199
31279643 0.0011554504942663307
31651710 0.0023719600658580003
31677330 9.429100103646351E-4
32497339 8.619422069735129E-4
32614682 0.0012202894528614207
